==111420== Memcheck, a memory error detector
==111420== Copyright (C) 2002-2022, and GNU GPL'd, by Julian Seward et al.
==111420== Using Valgrind-3.22.0 and LibVEX; rerun with -h for copyright info
==111420== Command: ./programa-principal /home/utilizador/Dados-fase1/dataset/com_erros /home/utilizador/Dados-fase1/inputs_exemplo.txt
==111420== 
==111420== 
==111420== HEAP SUMMARY:
==111420==     in use at exit: 16,768 bytes in 7 blocks
==111420==   total heap usage: 158,302,648 allocs, 158,302,641 frees, 3,535,398,085 bytes allocated
==111420== 
==111420== LEAK SUMMARY:
==111420==    definitely lost: 0 bytes in 0 blocks
==111420==    indirectly lost: 0 bytes in 0 blocks
==111420==      possibly lost: 0 bytes in 0 blocks
==111420==    still reachable: 16,768 bytes in 7 blocks
==111420==         suppressed: 0 bytes in 0 blocks
==111420== Reachable blocks (those to which a pointer was found) are not shown.
==111420== To see them, rerun with: --leak-check=full --show-leak-kinds=all
==111420== 
==111420== For lists of detected and suppressed errors, rerun with: -s
==111420== ERROR SUMMARY: 0 errors from 0 contexts (suppressed: 0 from 0)
